<?xml version="1.0" encoding="UTF-8"?>
<!-- Generated by org.testng.reporters.JUnitXMLReporter -->
<testsuite hostname="DESKTOP-SRK8LMS" name="Command line test" tests="1" failures="1" timestamp="21 Sep 2017 07:04:07 GMT" time="40.983" errors="0">
  <testcase name="testCreateProject" time="0.001" classname="com.soci.test.ProjectTest">
    <failure type="java.lang.NullPointerException">
      <![CDATA[java.lang.NullPointerException
	at com.soci.pages.ProjectsPage.create_a_new_project_without_errors(ProjectsPage.java:38)
	at com.soci.test.ProjectTest.testCreateProject(ProjectTest.java:22)
... Removed 34 stack frames]]>
    </failure>
  </testcase> <!-- testCreateProject -->
</testsuite> <!-- Command line test -->
