<?xml version="1.0" encoding="UTF-8"?>
<testng-results skipped="0" failed="0" ignored="0" total="1" passed="1">
  <reporter-output>
  </reporter-output>
  <suite name="Default suite" duration-ms="63168" started-at="2017-09-23T06:21:47Z" finished-at="2017-09-23T06:22:50Z">
    <groups>
    </groups>
    <test name="Default test" duration-ms="63168" started-at="2017-09-23T06:21:47Z" finished-at="2017-09-23T06:22:50Z">
      <class name="com.sociproj.test.MySociTest">
        <test-method status="PASS" signature="setUp()[pri:0, instance:com.sociproj.test.MySociTest@475530b9]" name="setUp" is-config="true" duration-ms="5309" started-at="2017-09-22T23:21:47Z" finished-at="2017-09-22T23:21:52Z">
          <reporter-output>
          </reporter-output>
        </test-method> <!-- setUp -->
        <test-method status="PASS" signature="sociTest()[pri:0, instance:com.sociproj.test.MySociTest@475530b9]" name="sociTest" duration-ms="57837" started-at="2017-09-22T23:21:52Z" finished-at="2017-09-22T23:22:50Z">
          <reporter-output>
          </reporter-output>
        </test-method> <!-- sociTest -->
      </class> <!-- com.sociproj.test.MySociTest -->
    </test> <!-- Default test -->
  </suite> <!-- Default suite -->
</testng-results>
